<?xml version="1.0" encoding="UTF-8"?>
<!-- Generated by org.testng.reporters.JUnitReportReporter -->
<testsuite hostname="DESKTOP-HSH7ADA" failures="0" tests="1" name="com.test.sample.DemoOne" time="0.008" errors="0" timestamp="24 Oct 2021 04:49:57 GMT">
  <testcase classname="com.test.sample.DemoOne" name="demo" time="0.008"/>
</testsuite> <!-- com.test.sample.DemoOne -->
